<?xml version="1.0" encoding="UTF-8"?>
<!-- Generated by org.testng.reporters.JUnitXMLReporter -->
<testsuite ignored="0" hostname="SAMARTH" failures="0" tests="4" name="Default test" time="5.965" errors="0" timestamp="10 Oct 2024 13:19:07 GMT">
  <testcase classname="com.qa.opencart.tests.AccountPageTest" name="accPageTitleTest" time="0.068"/>
  <testcase classname="com.qa.opencart.tests.AccountPageTest" name="accPageUrlTest" time="0.014"/>
  <testcase classname="com.qa.opencart.tests.AccountPageTest" name="isLogoutLinkExistTest" time="0.06"/>
  <testcase classname="com.qa.opencart.tests.AccountPageTest" name="accPageHeaderstest" time="0.094"/>
</testsuite> <!-- Default test -->
