<?xml version="1.0" encoding="UTF-8"?>
<testng-results ignored="0" total="4" passed="4" failed="0" skipped="0">
  <reporter-output>
  </reporter-output>
  <suite started-at="2024-10-10T13:19:01Z" name="Default suite" finished-at="2024-10-10T13:19:07Z" duration-ms="5965">
    <groups>
    </groups>
    <test started-at="2024-10-10T13:19:01Z" name="Default test" finished-at="2024-10-10T13:19:07Z" duration-ms="5965">
      <class name="com.qa.opencart.tests.AccountPageTest">
        <test-method is-config="true" signature="setup()[pri:0, instance:com.qa.opencart.tests.AccountPageTest@7c1812b3]" started-at="2024-10-10T13:19:01Z" name="setup" finished-at="2024-10-10T13:19:05Z" duration-ms="4096" status="PASS">
          <reporter-output>
          </reporter-output>
        </test-method> <!-- setup -->
        <test-method is-config="true" signature="AccPageSetup()[pri:0, instance:com.qa.opencart.tests.AccountPageTest@7c1812b3]" started-at="2024-10-10T13:19:05Z" name="AccPageSetup" finished-at="2024-10-10T13:19:06Z" duration-ms="1230" status="PASS">
          <reporter-output>
          </reporter-output>
        </test-method> <!-- AccPageSetup -->
        <test-method signature="accPageTitleTest()[pri:1, instance:com.qa.opencart.tests.AccountPageTest@7c1812b3]" started-at="2024-10-10T13:19:06Z" name="accPageTitleTest" finished-at="2024-10-10T13:19:06Z" duration-ms="68" status="PASS">
          <reporter-output>
          </reporter-output>
        </test-method> <!-- accPageTitleTest -->
        <test-method signature="accPageUrlTest()[pri:2, instance:com.qa.opencart.tests.AccountPageTest@7c1812b3]" started-at="2024-10-10T13:19:06Z" name="accPageUrlTest" finished-at="2024-10-10T13:19:06Z" duration-ms="14" status="PASS">
          <reporter-output>
          </reporter-output>
        </test-method> <!-- accPageUrlTest -->
        <test-method signature="isLogoutLinkExistTest()[pri:3, instance:com.qa.opencart.tests.AccountPageTest@7c1812b3]" started-at="2024-10-10T13:19:06Z" name="isLogoutLinkExistTest" finished-at="2024-10-10T13:19:06Z" duration-ms="60" status="PASS">
          <reporter-output>
          </reporter-output>
        </test-method> <!-- isLogoutLinkExistTest -->
        <test-method signature="accPageHeaderstest()[pri:4, instance:com.qa.opencart.tests.AccountPageTest@7c1812b3]" started-at="2024-10-10T13:19:06Z" name="accPageHeaderstest" finished-at="2024-10-10T13:19:07Z" duration-ms="94" status="PASS">
          <reporter-output>
          </reporter-output>
        </test-method> <!-- accPageHeaderstest -->
        <test-method is-config="true" signature="tearDown()[pri:0, instance:com.qa.opencart.tests.AccountPageTest@7c1812b3]" started-at="2024-10-10T13:19:07Z" name="tearDown" finished-at="2024-10-10T13:19:07Z" duration-ms="137" status="PASS">
          <reporter-output>
          </reporter-output>
        </test-method> <!-- tearDown -->
      </class> <!-- com.qa.opencart.tests.AccountPageTest -->
    </test> <!-- Default test -->
  </suite> <!-- Default suite -->
</testng-results>
